<?xml version="1.0" encoding="UTF-8"?>
<!-- Generated by org.testng.reporters.JUnitXMLReporter -->
<testsuite ignored="0" hostname="DESKTOP-5OBCTT3" failures="0" tests="3" name="Test" time="42.243" errors="0" timestamp="2022-12-13T22:43:51 IST">
  <testcase classname="ContactsDemoblaze" name="contactDemoblazeTest" time="1.474"/>
  <testcase classname="ContactsDemoblaze" name="contactDemoblazeTest" time="1.439"/>
  <testcase classname="AddToCart" name="addCart" time="5.865"/>
</testsuite> <!-- Test -->
