<?xml version="1.0" encoding="UTF-8"?>
<!-- Generated by org.testng.reporters.JUnitXMLReporter -->
<testsuite ignored="0" hostname="DESKTOP-5OBCTT3" failures="0" tests="3" name="Test" time="39.665" errors="0" timestamp="20 Dec 2022 14:34:40 GMT">
  <testcase classname="ContactsDemoblaze" name="contactDemoblazeTest" time="1.392"/>
  <testcase classname="ContactsDemoblaze" name="contactDemoblazeTest" time="1.38"/>
  <testcase classname="AddToCart" name="addCart" time="4.659"/>
</testsuite> <!-- Test -->
