<?xml version="1.0" encoding="UTF-8"?>
<!-- Generated by org.testng.reporters.JUnitXMLReporter -->
<testsuite ignored="0" hostname="DESKTOP-5OBCTT3" failures="0" tests="3" name="Test" time="39.34" errors="0" timestamp="2022-12-11T23:03:14 IST">
  <testcase classname="ContactsDemoblaze" name="contactDemoblazeTest" time="1.395"/>
  <testcase classname="ContactsDemoblaze" name="contactDemoblazeTest" time="1.435"/>
  <testcase classname="AddToCart" name="addCart" time="5.999"/>
</testsuite> <!-- Test -->
