<?xml version="1.0" encoding="UTF-8"?>
<testng-results ignored="0" total="3" passed="3" failed="0" skipped="0">
  <reporter-output>
    <line>
      <![CDATA[Launched the Browser]]>
    </line>
    <line>
      <![CDATA[Logged in to the app]]>
    </line>
    <line>
      <![CDATA[Logged out from the app]]>
    </line>
    <line>
      <![CDATA[Logged in to the app]]>
    </line>
    <line>
      <![CDATA[Logged out from the app]]>
    </line>
    <line>
      <![CDATA[Launched the Browser]]>
    </line>
    <line>
      <![CDATA[Logged in to the app]]>
    </line>
    <line>
      <![CDATA[Logged out from the app]]>
    </line>
  </reporter-output>
  <suite started-at="2022-12-11T23:02:34 IST" name="Suite" finished-at="2022-12-11T23:03:14 IST" duration-ms="39340">
    <groups>
    </groups>
    <test started-at="2022-12-11T23:02:34 IST" name="Test" finished-at="2022-12-11T23:03:14 IST" duration-ms="39340">
      <class name="ContactsDemoblaze">
        <test-method is-config="true" signature="beforeSuite()[pri:0, instance:ContactsDemoblaze@66d3eec0]" started-at="2022-12-11T23:02:34 IST" name="beforeSuite" finished-at="2022-12-11T23:02:40 IST" duration-ms="5425" status="PASS">
          <reporter-output>
            <line>
              <![CDATA[Launched the Browser]]>
            </line>
          </reporter-output>
        </test-method> <!-- beforeSuite -->
        <test-method is-config="true" signature="loginApp()[pri:0, instance:ContactsDemoblaze@66d3eec0]" started-at="2022-12-11T23:02:41 IST" name="loginApp" finished-at="2022-12-11T23:02:46 IST" duration-ms="4304" status="PASS">
          <reporter-output>
            <line>
              <![CDATA[Logged in to the app]]>
            </line>
          </reporter-output>
        </test-method> <!-- loginApp -->
        <test-method signature="contactDemoblazeTest(java.lang.String,java.lang.String)[pri:0, instance:ContactsDemoblaze@66d3eec0]" started-at="2022-12-11T23:02:46 IST" name="contactDemoblazeTest" data-provider="contactTest" finished-at="2022-12-11T23:02:47 IST" duration-ms="1395" status="PASS">
          <params>
            <param index="0">
              <value>
                <![CDATA[san123@gamil.com]]>
              </value>
            </param>
            <param index="1">
              <value>
                <![CDATA[santosh]]>
              </value>
            </param>
          </params>
          <reporter-output>
          </reporter-output>
        </test-method> <!-- contactDemoblazeTest -->
        <test-method is-config="true" signature="logutApp()[pri:0, instance:ContactsDemoblaze@66d3eec0]" started-at="2022-12-11T23:02:47 IST" name="logutApp" finished-at="2022-12-11T23:02:49 IST" duration-ms="2514" status="PASS">
          <reporter-output>
            <line>
              <![CDATA[Logged out from the app]]>
            </line>
          </reporter-output>
        </test-method> <!-- logutApp -->
        <test-method is-config="true" signature="loginApp()[pri:0, instance:ContactsDemoblaze@66d3eec0]" started-at="2022-12-11T23:02:49 IST" name="loginApp" finished-at="2022-12-11T23:02:54 IST" duration-ms="4063" status="PASS">
          <reporter-output>
            <line>
              <![CDATA[Logged in to the app]]>
            </line>
          </reporter-output>
        </test-method> <!-- loginApp -->
        <test-method signature="contactDemoblazeTest(java.lang.String,java.lang.String)[pri:0, instance:ContactsDemoblaze@66d3eec0]" started-at="2022-12-11T23:02:54 IST" name="contactDemoblazeTest" data-provider="contactTest" finished-at="2022-12-11T23:02:55 IST" duration-ms="1435" status="PASS">
          <params>
            <param index="0">
              <value>
                <![CDATA[prav123@gamil.com]]>
              </value>
            </param>
            <param index="1">
              <value>
                <![CDATA[hardik]]>
              </value>
            </param>
          </params>
          <reporter-output>
          </reporter-output>
        </test-method> <!-- contactDemoblazeTest -->
        <test-method is-config="true" signature="logutApp()[pri:0, instance:ContactsDemoblaze@66d3eec0]" started-at="2022-12-11T23:02:55 IST" name="logutApp" finished-at="2022-12-11T23:02:57 IST" duration-ms="2271" status="PASS">
          <reporter-output>
            <line>
              <![CDATA[Logged out from the app]]>
            </line>
          </reporter-output>
        </test-method> <!-- logutApp -->
        <test-method is-config="true" signature="afterSuit()[pri:0, instance:ContactsDemoblaze@66d3eec0]" started-at="2022-12-11T23:02:57 IST" name="afterSuit" finished-at="2022-12-11T23:02:58 IST" duration-ms="900" status="PASS">
          <reporter-output>
          </reporter-output>
        </test-method> <!-- afterSuit -->
      </class> <!-- ContactsDemoblaze -->
      <class name="AddToCart">
        <test-method is-config="true" signature="beforeSuite()[pri:0, instance:AddToCart@5d7148e2]" started-at="2022-12-11T23:02:58 IST" name="beforeSuite" finished-at="2022-12-11T23:03:01 IST" duration-ms="2852" status="PASS">
          <reporter-output>
            <line>
              <![CDATA[Launched the Browser]]>
            </line>
          </reporter-output>
        </test-method> <!-- beforeSuite -->
        <test-method is-config="true" signature="loginApp()[pri:0, instance:AddToCart@5d7148e2]" started-at="2022-12-11T23:03:01 IST" name="loginApp" finished-at="2022-12-11T23:03:05 IST" duration-ms="4521" status="PASS">
          <reporter-output>
            <line>
              <![CDATA[Logged in to the app]]>
            </line>
          </reporter-output>
        </test-method> <!-- loginApp -->
        <test-method signature="addCart()[pri:0, instance:AddToCart@5d7148e2]" started-at="2022-12-11T23:03:05 IST" name="addCart" finished-at="2022-12-11T23:03:11 IST" duration-ms="5999" status="PASS">
          <reporter-output>
          </reporter-output>
        </test-method> <!-- addCart -->
        <test-method is-config="true" signature="logutApp()[pri:0, instance:AddToCart@5d7148e2]" started-at="2022-12-11T23:03:11 IST" name="logutApp" finished-at="2022-12-11T23:03:12 IST" duration-ms="959" status="PASS">
          <reporter-output>
            <line>
              <![CDATA[Logged out from the app]]>
            </line>
          </reporter-output>
        </test-method> <!-- logutApp -->
        <test-method is-config="true" signature="afterSuit()[pri:0, instance:AddToCart@5d7148e2]" started-at="2022-12-11T23:03:12 IST" name="afterSuit" finished-at="2022-12-11T23:03:14 IST" duration-ms="1098" status="PASS">
          <reporter-output>
          </reporter-output>
        </test-method> <!-- afterSuit -->
      </class> <!-- AddToCart -->
    </test> <!-- Test -->
  </suite> <!-- Suite -->
</testng-results>
