<?xml version="1.0" encoding="UTF-8"?>
<testng-results ignored="0" total="3" passed="3" failed="0" skipped="0">
  <reporter-output>
    <line>
      <![CDATA[Launched the Browser]]>
    </line>
    <line>
      <![CDATA[Logged in to the app]]>
    </line>
    <line>
      <![CDATA[Logged out from the app]]>
    </line>
    <line>
      <![CDATA[Logged in to the app]]>
    </line>
    <line>
      <![CDATA[Logged out from the app]]>
    </line>
    <line>
      <![CDATA[Launched the Browser]]>
    </line>
    <line>
      <![CDATA[Logged in to the app]]>
    </line>
    <line>
      <![CDATA[Logged out from the app]]>
    </line>
  </reporter-output>
  <suite started-at="2022-12-20T14:34:01Z" name="Suite" finished-at="2022-12-20T14:34:40Z" duration-ms="39665">
    <groups>
    </groups>
    <test started-at="2022-12-20T14:34:01Z" name="Test" finished-at="2022-12-20T14:34:40Z" duration-ms="39665">
      <class name="ContactsDemoblaze">
        <test-method is-config="true" signature="beforeSuite()[pri:0, instance:ContactsDemoblaze@95e33cc]" started-at="2022-12-20T14:34:01Z" name="beforeSuite" finished-at="2022-12-20T14:34:09Z" duration-ms="7986" status="PASS">
          <reporter-output>
            <line>
              <![CDATA[Launched the Browser]]>
            </line>
          </reporter-output>
        </test-method> <!-- beforeSuite -->
        <test-method is-config="true" signature="loginApp()[pri:0, instance:ContactsDemoblaze@95e33cc]" started-at="2022-12-20T14:34:10Z" name="loginApp" finished-at="2022-12-20T14:34:13Z" duration-ms="3507" status="PASS">
          <reporter-output>
            <line>
              <![CDATA[Logged in to the app]]>
            </line>
          </reporter-output>
        </test-method> <!-- loginApp -->
        <test-method signature="contactDemoblazeTest(java.lang.String, java.lang.String)[pri:0, instance:ContactsDemoblaze@95e33cc]" started-at="2022-12-20T14:34:13Z" name="contactDemoblazeTest" data-provider="contactTest" finished-at="2022-12-20T14:34:15Z" duration-ms="1392" status="PASS">
          <params>
            <param index="0">
              <value>
                <![CDATA[san123@gamil.com]]>
              </value>
            </param>
            <param index="1">
              <value>
                <![CDATA[santosh]]>
              </value>
            </param>
          </params>
          <reporter-output>
          </reporter-output>
        </test-method> <!-- contactDemoblazeTest -->
        <test-method is-config="true" signature="logutApp()[pri:0, instance:ContactsDemoblaze@95e33cc]" started-at="2022-12-20T14:34:15Z" name="logutApp" finished-at="2022-12-20T14:34:17Z" duration-ms="2494" status="PASS">
          <reporter-output>
            <line>
              <![CDATA[Logged out from the app]]>
            </line>
          </reporter-output>
        </test-method> <!-- logutApp -->
        <test-method is-config="true" signature="loginApp()[pri:0, instance:ContactsDemoblaze@95e33cc]" started-at="2022-12-20T14:34:17Z" name="loginApp" finished-at="2022-12-20T14:34:22Z" duration-ms="4569" status="PASS">
          <reporter-output>
            <line>
              <![CDATA[Logged in to the app]]>
            </line>
          </reporter-output>
        </test-method> <!-- loginApp -->
        <test-method signature="contactDemoblazeTest(java.lang.String, java.lang.String)[pri:0, instance:ContactsDemoblaze@95e33cc]" started-at="2022-12-20T14:34:22Z" name="contactDemoblazeTest" data-provider="contactTest" finished-at="2022-12-20T14:34:23Z" duration-ms="1380" status="PASS">
          <params>
            <param index="0">
              <value>
                <![CDATA[prav123@gamil.com]]>
              </value>
            </param>
            <param index="1">
              <value>
                <![CDATA[hardik]]>
              </value>
            </param>
          </params>
          <reporter-output>
          </reporter-output>
        </test-method> <!-- contactDemoblazeTest -->
        <test-method is-config="true" signature="logutApp()[pri:0, instance:ContactsDemoblaze@95e33cc]" started-at="2022-12-20T14:34:23Z" name="logutApp" finished-at="2022-12-20T14:34:25Z" duration-ms="1583" status="PASS">
          <reporter-output>
            <line>
              <![CDATA[Logged out from the app]]>
            </line>
          </reporter-output>
        </test-method> <!-- logutApp -->
        <test-method is-config="true" signature="afterSuit()[pri:0, instance:ContactsDemoblaze@95e33cc]" started-at="2022-12-20T14:34:25Z" name="afterSuit" finished-at="2022-12-20T14:34:26Z" duration-ms="857" status="PASS">
          <reporter-output>
          </reporter-output>
        </test-method> <!-- afterSuit -->
      </class> <!-- ContactsDemoblaze -->
      <class name="AddToCart">
        <test-method is-config="true" signature="beforeSuite()[pri:0, instance:AddToCart@38604b81]" started-at="2022-12-20T14:34:26Z" name="beforeSuite" finished-at="2022-12-20T14:34:29Z" duration-ms="3324" status="PASS">
          <reporter-output>
            <line>
              <![CDATA[Launched the Browser]]>
            </line>
          </reporter-output>
        </test-method> <!-- beforeSuite -->
        <test-method is-config="true" signature="loginApp()[pri:0, instance:AddToCart@38604b81]" started-at="2022-12-20T14:34:29Z" name="loginApp" finished-at="2022-12-20T14:34:33Z" duration-ms="3669" status="PASS">
          <reporter-output>
            <line>
              <![CDATA[Logged in to the app]]>
            </line>
          </reporter-output>
        </test-method> <!-- loginApp -->
        <test-method signature="addCart()[pri:0, instance:AddToCart@38604b81]" started-at="2022-12-20T14:34:33Z" name="addCart" finished-at="2022-12-20T14:34:37Z" duration-ms="4659" status="PASS">
          <reporter-output>
          </reporter-output>
        </test-method> <!-- addCart -->
        <test-method is-config="true" signature="logutApp()[pri:0, instance:AddToCart@38604b81]" started-at="2022-12-20T14:34:37Z" name="logutApp" finished-at="2022-12-20T14:34:39Z" duration-ms="1669" status="PASS">
          <reporter-output>
            <line>
              <![CDATA[Logged out from the app]]>
            </line>
          </reporter-output>
        </test-method> <!-- logutApp -->
        <test-method is-config="true" signature="afterSuit()[pri:0, instance:AddToCart@38604b81]" started-at="2022-12-20T14:34:39Z" name="afterSuit" finished-at="2022-12-20T14:34:40Z" duration-ms="1533" status="PASS">
          <reporter-output>
          </reporter-output>
        </test-method> <!-- afterSuit -->
      </class> <!-- AddToCart -->
    </test> <!-- Test -->
  </suite> <!-- Suite -->
</testng-results>
