<?xml version="1.0" encoding="UTF-8"?>
<testng-results ignored="0" total="1" passed="1" failed="0" skipped="0">
  <reporter-output>
    <line>
      <![CDATA[Launched the Browser]]>
    </line>
    <line>
      <![CDATA[Logged in to the app]]>
    </line>
    <line>
      <![CDATA[Logged out from the app]]>
    </line>
  </reporter-output>
  <suite started-at="2022-12-14T11:36:30 IST" name="Suite" finished-at="2022-12-14T11:36:50 IST" duration-ms="20247">
    <groups>
    </groups>
    <test started-at="2022-12-14T11:36:30 IST" name="Test" finished-at="2022-12-14T11:36:50 IST" duration-ms="20247">
      <class name="AddToCart">
        <test-method is-config="true" signature="beforeSuite()[pri:0, instance:AddToCart@2c1b194a]" started-at="2022-12-14T11:36:30 IST" name="beforeSuite" finished-at="2022-12-14T11:36:39 IST" duration-ms="8495" status="PASS">
          <reporter-output>
            <line>
              <![CDATA[Launched the Browser]]>
            </line>
          </reporter-output>
        </test-method> <!-- beforeSuite -->
        <test-method is-config="true" signature="loginApp()[pri:0, instance:AddToCart@2c1b194a]" started-at="2022-12-14T11:36:39 IST" name="loginApp" finished-at="2022-12-14T11:36:43 IST" duration-ms="3881" status="PASS">
          <reporter-output>
            <line>
              <![CDATA[Logged in to the app]]>
            </line>
          </reporter-output>
        </test-method> <!-- loginApp -->
        <test-method signature="addCart()[pri:0, instance:AddToCart@2c1b194a]" started-at="2022-12-14T11:36:43 IST" name="addCart" finished-at="2022-12-14T11:36:47 IST" duration-ms="4527" status="PASS">
          <reporter-output>
          </reporter-output>
        </test-method> <!-- addCart -->
        <test-method is-config="true" signature="logutApp()[pri:0, instance:AddToCart@2c1b194a]" started-at="2022-12-14T11:36:47 IST" name="logutApp" finished-at="2022-12-14T11:36:48 IST" duration-ms="1159" status="PASS">
          <reporter-output>
            <line>
              <![CDATA[Logged out from the app]]>
            </line>
          </reporter-output>
        </test-method> <!-- logutApp -->
        <test-method is-config="true" signature="afterSuit()[pri:0, instance:AddToCart@2c1b194a]" started-at="2022-12-14T11:36:48 IST" name="afterSuit" finished-at="2022-12-14T11:36:50 IST" duration-ms="2129" status="PASS">
          <reporter-output>
          </reporter-output>
        </test-method> <!-- afterSuit -->
      </class> <!-- AddToCart -->
    </test> <!-- Test -->
  </suite> <!-- Suite -->
</testng-results>
